2018-06-11 21:56:28 INFO (MainThread) [homeassistant.core] Bus:Handling <Event call_service[L]: service_data=title=Welcome Home!, message=
Here are some resources to get started:

 - [Configuring Home Assistant](https://home-assistant.io/getting-started/configuration/)
 - [Available components](https://home-assistant.io/components/)
 - [Troubleshooting your configuration](https://home-assistant.io/docs/configuration/troubleshooting/)
 - [Getting help](https://home-assistant.io/help/)

To not see this card popup in the future, edit your config in
`configuration.yaml` and disable the `introduction` component.
, domain=persistent_notification, service=create, service_call_id=1972197424-1>
2018-06-11 21:56:28 INFO (MainThread) [homeassistant.core] Bus:Handling <Event state_changed[L]: new_state=<state persistent_notification.notification=notifying; title=Welcome Home!, message=Here are some resources to get started:

 - [Configuring Home Assistant](https://home-assistant.io/getting-started/configuration/)
 - [Available components](https://home-assistant.io/components/)
 - [Troubleshooting your configuration](https://home-assistant.io/docs/configuration/troubleshooting/)
 - [Getting help](https://home-assistant.io/help/)

To not see this card popup in the future, edit your config in
`configuration.yaml` and disable the `introduction` component. @ 2018-06-11T21:56:28.869204+02:00>, entity_id=persistent_notification.notification, old_state=None>
2018-06-11 21:56:28 INFO (MainThread) [homeassistant.core] Bus:Handling <Event service_executed[L]: service_call_id=1972197424-1>
2018-06-11 21:56:29 INFO (MainThread) [homeassistant.core] Bus:Handling <Event service_registered[L]: domain=logger, service=set_level>
2018-06-11 21:56:29 INFO (MainThread) [homeassistant.setup] Setup of domain logger took 0.8 seconds.
2018-06-11 21:56:29 INFO (MainThread) [homeassistant.core] Bus:Handling <Event component_loaded[L]: component=logger>
2018-06-11 21:56:29 INFO (MainThread) [homeassistant.setup] Setting up http
2018-06-11 21:56:29 INFO (MainThread) [homeassistant.setup] Setup of domain http took 0.0 seconds.
2018-06-11 21:56:29 INFO (MainThread) [homeassistant.core] Bus:Handling <Event component_loaded[L]: component=http>
2018-06-11 21:56:29 INFO (MainThread) [homeassistant.setup] Setting up system_log
2018-06-11 21:56:29 INFO (MainThread) [homeassistant.setup] Setting up api
2018-06-11 21:56:29 INFO (MainThread) [homeassistant.setup] Setting up websocket_api
2018-06-11 21:56:29 INFO (MainThread) [homeassistant.setup] Setup of domain websocket_api took 0.0 seconds.
2018-06-11 21:56:29 INFO (MainThread) [homeassistant.core] Bus:Handling <Event component_loaded[L]: component=websocket_api>
2018-06-11 21:56:29 INFO (MainThread) [homeassistant.setup] Setup of domain api took 0.0 seconds.
2018-06-11 21:56:29 INFO (MainThread) [homeassistant.core] Bus:Handling <Event component_loaded[L]: component=api>
2018-06-11 21:56:29 INFO (MainThread) [homeassistant.core] Bus:Handling <Event service_registered[L]: domain=system_log, service=clear>
2018-06-11 21:56:29 INFO (MainThread) [homeassistant.setup] Setup of domain system_log took 0.1 seconds.
2018-06-11 21:56:29 INFO (MainThread) [homeassistant.core] Bus:Handling <Event component_loaded[L]: component=system_log>
2018-06-11 21:56:29 INFO (MainThread) [homeassistant.setup] Setting up frontend
2018-06-11 21:56:30 INFO (MainThread) [homeassistant.setup] Setup of domain frontend took 0.1 seconds.
2018-06-11 21:56:30 INFO (MainThread) [homeassistant.core] Bus:Handling <Event component_loaded[L]: component=frontend>
2018-06-11 21:56:30 INFO (MainThread) [homeassistant.setup] Setting up recorder
2018-06-11 21:56:30 INFO (MainThread) [homeassistant.core] Bus:Handling <Event service_registered[L]: domain=recorder, service=purge>
2018-06-11 21:56:31 ERROR (Recorder) [homeassistant.components.recorder] Error during connection setup: (sqlite3.OperationalError) unable to open database file (retrying in 3 seconds)
2018-06-11 21:56:34 ERROR (Recorder) [homeassistant.components.recorder] Error during connection setup: (sqlite3.OperationalError) unable to open database file (retrying in 3 seconds)
2018-06-11 21:56:37 ERROR (Recorder) [homeassistant.components.recorder] Error during connection setup: (sqlite3.OperationalError) unable to open database file (retrying in 3 seconds)
2018-06-11 21:56:40 WARNING (MainThread) [homeassistant.setup] Setup of recorder is taking over 10 seconds.
2018-06-11 21:56:40 ERROR (Recorder) [homeassistant.components.recorder] Error during connection setup: (sqlite3.OperationalError) unable to open database file (retrying in 3 seconds)
2018-06-11 22:04:23 ERROR (Recorder) [homeassistant.components.recorder] Error during connection setup: (sqlite3.OperationalError) unable to open database file (retrying in 3 seconds)
2018-06-11 22:04:26 ERROR (Recorder) [homeassistant.components.recorder] Error during connection setup: (sqlite3.OperationalError) unable to open database file (retrying in 3 seconds)
2018-06-11 22:04:29 ERROR (Recorder) [homeassistant.components.recorder] Error during connection setup: (sqlite3.OperationalError) unable to open database file (retrying in 3 seconds)
2018-06-11 22:04:32 ERROR (Recorder) [homeassistant.components.recorder] Error during connection setup: (sqlite3.OperationalError) unable to open database file (retrying in 3 seconds)
2018-06-11 22:04:35 ERROR (Recorder) [homeassistant.components.recorder] Error during connection setup: (sqlite3.OperationalError) unable to open database file (retrying in 3 seconds)
2018-06-11 22:04:38 ERROR (Recorder) [homeassistant.components.recorder] Error during connection setup: (sqlite3.OperationalError) unable to open database file (retrying in 3 seconds)
2018-06-11 22:04:38 INFO (MainThread) [homeassistant.setup] Setup of domain recorder took 28.4 seconds.
2018-06-11 22:04:38 ERROR (MainThread) [homeassistant.setup] Setup failed for recorder: Component failed to initialize.
2018-06-11 22:04:38 INFO (MainThread) [homeassistant.core] Bus:Handling <Event call_service[L]: service_data=title=Recorder, message=The recorder could not start, please check the log, domain=persistent_notification, service=create, service_call_id=1972197424-2>
2018-06-11 22:04:38 INFO (MainThread) [homeassistant.core] Bus:Handling <Event call_service[L]: service_data=notification_id=invalid_config, title=Invalid config, message=The following components and platforms could not be set up:

 - [recorder](https://home-assistant.io/components/recorder/)

Please check your config., domain=persistent_notification, service=create, service_call_id=1972197424-3>
2018-06-11 22:04:38 INFO (MainThread) [homeassistant.core] Bus:Handling <Event state_changed[L]: new_state=<state persistent_notification.notification_2=notifying; title=Recorder, message=The recorder could not start, please check the log @ 2018-06-11T22:04:38.308708+02:00>, entity_id=persistent_notification.notification_2, old_state=None>
2018-06-11 22:04:38 INFO (MainThread) [homeassistant.core] Bus:Handling <Event service_executed[L]: service_call_id=1972197424-2>
2018-06-11 22:04:38 INFO (MainThread) [homeassistant.core] Bus:Handling <Event state_changed[L]: new_state=<state persistent_notification.invalid_config=notifying; title=Invalid config, message=The following components and platforms could not be set up:

 - [recorder](https://home-assistant.io/components/recorder/)

Please check your config. @ 2018-06-11T22:04:38.325486+02:00>, entity_id=persistent_notification.invalid_config, old_state=None>
2018-06-11 22:04:38 INFO (MainThread) [homeassistant.core] Bus:Handling <Event service_executed[L]: service_call_id=1972197424-3>
2018-06-11 22:04:38 ERROR (MainThread) [homeassistant.setup] Unable to setup dependencies of history. Setup failed for dependencies: recorder
2018-06-11 22:04:38 ERROR (MainThread) [homeassistant.setup] Setup failed for history: Could not setup all dependencies.
2018-06-11 22:04:38 INFO (MainThread) [homeassistant.core] Bus:Handling <Event call_service[L]: service_data=notification_id=invalid_config, title=Invalid config, message=The following components and platforms could not be set up:

 - [history](https://home-assistant.io/components/history/)
 - [recorder](https://home-assistant.io/components/recorder/)

Please check your config., domain=persistent_notification, service=create, service_call_id=1972197424-4>
2018-06-11 22:04:38 INFO (MainThread) [homeassistant.core] Bus:Handling <Event state_changed[L]: new_state=<state persistent_notification.invalid_config=notifying; title=Invalid config, message=The following components and platforms could not be set up:

 - [history](https://home-assistant.io/components/history/)
 - [recorder](https://home-assistant.io/components/recorder/)

Please check your config. @ 2018-06-11T22:04:38.325486+02:00>, entity_id=persistent_notification.invalid_config, old_state=<state persistent_notification.invalid_config=notifying; title=Invalid config, message=The following components and platforms could not be set up:

 - [recorder](https://home-assistant.io/components/recorder/)

Please check your config. @ 2018-06-11T22:04:38.325486+02:00>>
2018-06-11 22:04:38 INFO (MainThread) [homeassistant.core] Bus:Handling <Event service_executed[L]: service_call_id=1972197424-4>
2018-06-11 22:04:38 INFO (MainThread) [homeassistant.loader] Loaded mysensors from homeassistant.components.mysensors
2018-06-11 22:04:38 INFO (MainThread) [homeassistant.loader] Loaded switch from homeassistant.components.switch
2018-06-11 22:04:38 INFO (MainThread) [homeassistant.loader] Loaded group from homeassistant.components.group
2018-06-11 22:04:38 INFO (MainThread) [homeassistant.loader] Loaded switch.rpi_rf from homeassistant.components.switch.rpi_rf
2018-06-11 22:04:38 INFO (MainThread) [homeassistant.loader] Loaded sun from homeassistant.components.sun
2018-06-11 22:04:38 INFO (MainThread) [homeassistant.setup] Setting up sun
2018-06-11 22:04:38 INFO (MainThread) [homeassistant.setup] Setup of domain sun took 0.1 seconds.
2018-06-11 22:04:38 INFO (MainThread) [homeassistant.core] Bus:Handling <Event component_loaded[L]: component=sun>
2018-06-11 22:04:38 INFO (MainThread) [homeassistant.loader] Loaded discovery from homeassistant.components.discovery
2018-06-11 22:04:38 INFO (MainThread) [homeassistant.loader] Loaded script from homeassistant.components.script
2018-06-11 22:04:38 INFO (MainThread) [homeassistant.loader] Loaded updater from homeassistant.components.updater
2018-06-11 22:04:38 INFO (MainThread) [homeassistant.loader] Loaded logbook from homeassistant.components.logbook
2018-06-11 22:04:38 INFO (MainThread) [homeassistant.setup] Setting up group
2018-06-11 22:04:38 INFO (MainThread) [homeassistant.loader] Loaded automation from homeassistant.components.automation
2018-06-11 22:04:38 INFO (MainThread) [homeassistant.loader] Loaded config from homeassistant.components.config
2018-06-11 22:04:38 INFO (MainThread) [homeassistant.core] Bus:Handling <Event state_changed[L]: new_state=<state sun.sun=below_horizon; next_rising=2018-06-12T02:50:15+00:00, next_noon=2018-06-12T11:19:16+00:00, elevation=-2.38, next_setting=2018-06-12T19:48:17+00:00, next_dusk=2018-06-11T20:39:49+00:00, friendly_name=Sun, azimuth=316.27, next_midnight=2018-06-11T23:19:23+00:00, next_dawn=2018-06-12T01:57:48+00:00 @ 2018-06-11T22:04:38.790413+02:00>, entity_id=sun.sun, old_state=None>
2018-06-11 22:04:38 INFO (MainThread) [homeassistant.core] Bus:Handling <Event service_registered[L]: domain=group, service=reload>
2018-06-11 22:04:38 INFO (MainThread) [homeassistant.core] Bus:Handling <Event service_registered[L]: domain=group, service=set>
2018-06-11 22:04:38 INFO (MainThread) [homeassistant.core] Bus:Handling <Event service_registered[L]: domain=group, service=remove>
2018-06-11 22:04:38 INFO (MainThread) [homeassistant.core] Bus:Handling <Event service_registered[L]: domain=group, service=set_visibility>
2018-06-11 22:04:38 INFO (MainThread) [homeassistant.setup] Setup of domain group took 0.1 seconds.
2018-06-11 22:04:38 INFO (MainThread) [homeassistant.core] Bus:Handling <Event component_loaded[L]: component=group>
2018-06-11 22:04:38 ERROR (MainThread) [homeassistant.setup] Unable to setup dependencies of logbook. Setup failed for dependencies: recorder
2018-06-11 22:04:38 ERROR (MainThread) [homeassistant.setup] Setup failed for logbook: Could not setup all dependencies.
2018-06-11 22:04:38 INFO (MainThread) [homeassistant.setup] Setting up config
2018-06-11 22:04:38 INFO (MainThread) [homeassistant.core] Bus:Handling <Event call_service[L]: service_data=notification_id=invalid_config, title=Invalid config, message=The following components and platforms could not be set up:

 - [history](https://home-assistant.io/components/history/)
 - [recorder](https://home-assistant.io/components/recorder/)
 - [logbook](https://home-assistant.io/components/logbook/)

Please check your config., domain=persistent_notification, service=create, service_call_id=1972197424-5>
2018-06-11 22:04:38 INFO (MainThread) [homeassistant.loader] Loaded config.group from homeassistant.components.config.group
2018-06-11 22:04:38 INFO (MainThread) [homeassistant.core] Bus:Handling <Event component_loaded[L]: component=config.group>
2018-06-11 22:04:38 INFO (MainThread) [homeassistant.loader] Loaded config.automation from homeassistant.components.config.automation
2018-06-11 22:04:38 INFO (MainThread) [homeassistant.core] Bus:Handling <Event component_loaded[L]: component=config.automation>
2018-06-11 22:04:38 INFO (MainThread) [homeassistant.loader] Loaded config.customize from homeassistant.components.config.customize
2018-06-11 22:04:38 INFO (MainThread) [homeassistant.core] Bus:Handling <Event component_loaded[L]: component=config.customize>
2018-06-11 22:04:38 INFO (MainThread) [homeassistant.loader] Loaded config.hassbian from homeassistant.components.config.hassbian
2018-06-11 22:04:38 INFO (MainThread) [homeassistant.loader] Loaded config.core from homeassistant.components.config.core
2018-06-11 22:04:38 INFO (MainThread) [homeassistant.core] Bus:Handling <Event component_loaded[L]: component=config.core>
2018-06-11 22:04:38 INFO (MainThread) [homeassistant.loader] Loaded config.script from homeassistant.components.config.script
2018-06-11 22:04:38 INFO (MainThread) [homeassistant.core] Bus:Handling <Event component_loaded[L]: component=config.script>
2018-06-11 22:04:38 INFO (MainThread) [homeassistant.core] Bus:Handling <Event state_changed[L]: new_state=<state persistent_notification.invalid_config=notifying; title=Invalid config, message=The following components and platforms could not be set up:

 - [history](https://home-assistant.io/components/history/)
 - [recorder](https://home-assistant.io/components/recorder/)
 - [logbook](https://home-assistant.io/components/logbook/)

Please check your config. @ 2018-06-11T22:04:38.325486+02:00>, entity_id=persistent_notification.invalid_config, old_state=<state persistent_notification.invalid_config=notifying; title=Invalid config, message=The following components and platforms could not be set up:

 - [history](https://home-assistant.io/components/history/)
 - [recorder](https://home-assistant.io/components/recorder/)

Please check your config. @ 2018-06-11T22:04:38.325486+02:00>>
2018-06-11 22:04:38 INFO (MainThread) [homeassistant.core] Bus:Handling <Event service_executed[L]: service_call_id=1972197424-5>
2018-06-11 22:04:38 INFO (MainThread) [homeassistant.setup] Setting up switch
2018-06-11 22:04:38 INFO (MainThread) [homeassistant.setup] Setting up script
2018-06-11 22:04:38 INFO (MainThread) [homeassistant.core] Bus:Handling <Event service_registered[L]: domain=script, service=reload>
2018-06-11 22:04:38 INFO (MainThread) [homeassistant.core] Bus:Handling <Event service_registered[L]: domain=script, service=turn_on>
2018-06-11 22:04:38 INFO (MainThread) [homeassistant.core] Bus:Handling <Event service_registered[L]: domain=script, service=turn_off>
2018-06-11 22:04:38 INFO (MainThread) [homeassistant.core] Bus:Handling <Event service_registered[L]: domain=script, service=toggle>
2018-06-11 22:04:38 INFO (MainThread) [homeassistant.setup] Setup of domain script took 0.0 seconds.
2018-06-11 22:04:38 INFO (MainThread) [homeassistant.core] Bus:Handling <Event component_loaded[L]: component=script>
2018-06-11 22:04:38 INFO (MainThread) [homeassistant.setup] Setting up automation
2018-06-11 22:04:38 INFO (MainThread) [homeassistant.setup] Setup of domain config took 0.1 seconds.
2018-06-11 22:04:38 INFO (MainThread) [homeassistant.core] Bus:Handling <Event component_loaded[L]: component=config>
2018-06-11 22:04:38 INFO (MainThread) [homeassistant.core] Bus:Handling <Event service_registered[L]: domain=automation, service=trigger>
2018-06-11 22:04:38 INFO (MainThread) [homeassistant.core] Bus:Handling <Event service_registered[L]: domain=automation, service=reload>
2018-06-11 22:04:38 INFO (MainThread) [homeassistant.core] Bus:Handling <Event service_registered[L]: domain=automation, service=toggle>
2018-06-11 22:04:38 INFO (MainThread) [homeassistant.core] Bus:Handling <Event service_registered[L]: domain=automation, service=turn_on>
2018-06-11 22:04:38 INFO (MainThread) [homeassistant.core] Bus:Handling <Event service_registered[L]: domain=automation, service=turn_off>
2018-06-11 22:04:38 INFO (MainThread) [homeassistant.setup] Setup of domain automation took 0.1 seconds.
2018-06-11 22:04:38 INFO (MainThread) [homeassistant.core] Bus:Handling <Event component_loaded[L]: component=automation>
2018-06-11 22:04:38 INFO (MainThread) [homeassistant.setup] Setting up mysensors
2018-06-11 22:04:39 INFO (MainThread) [homeassistant.setup] Setting up discovery
2018-06-11 22:04:39 INFO (MainThread) [homeassistant.setup] Setup of domain discovery took 0.1 seconds.
2018-06-11 22:04:39 INFO (MainThread) [homeassistant.core] Bus:Handling <Event component_loaded[L]: component=discovery>
2018-06-11 22:04:39 INFO (MainThread) [homeassistant.setup] Setup of domain mysensors took 0.4 seconds.
2018-06-11 22:04:39 INFO (MainThread) [homeassistant.core] Bus:Handling <Event component_loaded[L]: component=mysensors>
2018-06-11 22:04:39 INFO (MainThread) [homeassistant.setup] Setting up updater
2018-06-11 22:04:39 INFO (MainThread) [homeassistant.setup] Setup of domain updater took 0.0 seconds.
2018-06-11 22:04:39 INFO (MainThread) [homeassistant.core] Bus:Handling <Event component_loaded[L]: component=updater>
2018-06-11 22:04:39 INFO (MainThread) [homeassistant.components.switch] Setting up switch.rpi_rf
2018-06-11 22:04:39 INFO (MainThread) [homeassistant.core] Bus:Handling <Event state_changed[L]: new_state=<state switch.corner=off; friendly_name=corner @ 2018-06-11T22:04:39.703966+02:00>, entity_id=switch.corner, old_state=None>
2018-06-11 22:04:39 INFO (MainThread) [homeassistant.core] Bus:Handling <Event call_service[L]: service_data=visible=False, object_id=all_switches, name=all switches, entities=['switch.corner'], domain=group, service=set, service_call_id=1972197424-6>
2018-06-11 22:04:39 INFO (MainThread) [homeassistant.core] Bus:Handling <Event state_changed[L]: new_state=<state group.all_switches=off; auto=True, assumed_state=False, entity_id=('switch.corner',), hidden=True, friendly_name=all switches, order=0 @ 2018-06-11T22:04:39.712407+02:00>, entity_id=group.all_switches, old_state=None>
2018-06-11 22:04:39 INFO (MainThread) [homeassistant.core] Bus:Handling <Event service_executed[L]: service_call_id=1972197424-6>
2018-06-11 22:04:39 INFO (MainThread) [homeassistant.core] Bus:Handling <Event service_registered[L]: domain=switch, service=turn_off>
2018-06-11 22:04:39 INFO (MainThread) [homeassistant.core] Bus:Handling <Event service_registered[L]: domain=switch, service=turn_on>
2018-06-11 22:04:39 INFO (MainThread) [homeassistant.core] Bus:Handling <Event service_registered[L]: domain=switch, service=toggle>
2018-06-11 22:04:39 INFO (MainThread) [homeassistant.setup] Setup of domain switch took 0.9 seconds.
2018-06-11 22:04:39 INFO (MainThread) [homeassistant.core] Bus:Handling <Event component_loaded[L]: component=switch>
2018-06-11 22:04:39 INFO (MainThread) [homeassistant.bootstrap] Home Assistant initialized in 492.85s
2018-06-11 22:04:39 INFO (MainThread) [homeassistant.core] Starting Home Assistant core loop
2018-06-11 22:04:39 INFO (MainThread) [homeassistant.core] Starting Home Assistant
2018-06-11 22:04:39 INFO (MainThread) [homeassistant.core] Bus:Handling <Event homeassistant_start[L]>
2018-06-11 22:04:39 INFO (MainThread) [homeassistant.core] Timer:starting
2018-06-11 22:04:39 DEBUG (Thread-4) [homeassistant.components.mysensors] Invalid values: {38: '4198.0'}: sensor platform: node 10 child 2: S_MULTIMETER requires value_type V_CURRENT @ data[39]
2018-06-11 22:04:39 DEBUG (Thread-4) [homeassistant.components.mysensors] Invalid values: {38: '4198.0'}: sensor platform: node 10 child 2: S_MULTIMETER requires value_type V_IMPEDANCE @ data[14]
2018-06-11 22:04:39 INFO (Thread-20) [mysensors.gateway_serial] Trying to connect to /dev/ttyUSBMySensorsGateway
2018-06-11 22:04:39 ERROR (Thread-20) [mysensors.gateway_serial] Unable to connect to /dev/ttyUSBMySensorsGateway
2018-06-11 22:04:39 INFO (MainThread) [homeassistant.loader] Loaded sensor from homeassistant.components.sensor
2018-06-11 22:04:39 INFO (MainThread) [homeassistant.setup] Setting up sensor
2018-06-11 22:04:39 INFO (MainThread) [homeassistant.setup] Setup of domain sensor took 0.0 seconds.
2018-06-11 22:04:39 INFO (MainThread) [homeassistant.core] Bus:Handling <Event component_loaded[L]: component=sensor>
2018-06-11 22:04:39 INFO (MainThread) [homeassistant.core] Bus:Handling <Event platform_discovered[L]: platform=mysensors, discovered=name=mysensors, devices=[(1968384240, 10, 0, 1), (1968384240, 10, 1, 0), (1968384240, 10, 2, 38)], service=load_platform.sensor>
2018-06-11 22:04:39 INFO (MainThread) [homeassistant.loader] Loaded sensor.mysensors from homeassistant.components.sensor.mysensors
2018-06-11 22:04:39 INFO (MainThread) [homeassistant.components.sensor] Setting up sensor.mysensors
2018-06-11 22:04:39 INFO (Thread-3) [homeassistant.components.mysensors] Adding new devices: [<Entity mega-htu21d 10 0: None>, <Entity mega-htu21d 10 1: None>, <Entity mega-htu21d 10 2: None>]
2018-06-11 22:04:39 DEBUG (Thread-15) [homeassistant.components.mysensors] Entity update: mega-htu21d 10 0: value_type 1, value = 54.4
2018-06-11 22:04:39 INFO (MainThread) [homeassistant.core] Bus:Handling <Event state_changed[L]: new_state=<state sensor.megahtu21d_10_0=54.4; description=, V_HUM=54.4, child_id=0, node_id=10, device=/dev/ttyUSBMySensorsGateway, unit_of_measurement=%, friendly_name=mega-htu21d 10 0, battery_level=0 @ 2018-06-11T22:04:39.892637+02:00>, entity_id=sensor.megahtu21d_10_0, old_state=None>
2018-06-11 22:04:39 DEBUG (Thread-16) [homeassistant.components.mysensors] Entity update: mega-htu21d 10 2: value_type 38, value = 4198.0
2018-06-11 22:04:39 INFO (MainThread) [homeassistant.core] Bus:Handling <Event state_changed[L]: new_state=<state sensor.megahtu21d_10_2=4198.0; description=, child_id=2, V_VOLTAGE=4198.0, node_id=10, device=/dev/ttyUSBMySensorsGateway, unit_of_measurement=V, friendly_name=mega-htu21d 10 2, battery_level=0 @ 2018-06-11T22:04:39.900805+02:00>, entity_id=sensor.megahtu21d_10_2, old_state=None>
2018-06-11 22:04:39 DEBUG (Thread-5) [homeassistant.components.mysensors] Entity update: mega-htu21d 10 1: value_type 0, value = 24.8
2018-06-11 22:04:39 INFO (MainThread) [homeassistant.core] Bus:Handling <Event state_changed[L]: new_state=<state sensor.megahtu21d_10_1=24.8; description=, child_id=1, node_id=10, device=/dev/ttyUSBMySensorsGateway, unit_of_measurement=°C, V_TEMP=24.8, friendly_name=mega-htu21d 10 1, battery_level=0 @ 2018-06-11T22:04:39.907664+02:00>, entity_id=sensor.megahtu21d_10_1, old_state=None>
2018-06-11 22:04:49 INFO (Thread-20) [mysensors.gateway_serial] Trying to connect to /dev/ttyUSBMySensorsGateway
2018-06-11 22:04:49 ERROR (Thread-20) [mysensors.gateway_serial] Unable to connect to /dev/ttyUSBMySensorsGateway
2018-06-11 22:04:59 INFO (Thread-20) [mysensors.gateway_serial] Trying to connect to /dev/ttyUSBMySensorsGateway
2018-06-11 22:04:59 ERROR (Thread-20) [mysensors.gateway_serial] Unable to connect to /dev/ttyUSBMySensorsGateway
2018-06-11 22:05:09 INFO (Thread-20) [mysensors.gateway_serial] Trying to connect to /dev/ttyUSBMySensorsGateway
2018-06-11 22:05:09 ERROR (Thread-20) [mysensors.gateway_serial] Unable to connect to /dev/ttyUSBMySensorsGateway
2018-06-11 22:05:19 INFO (Thread-20) [mysensors.gateway_serial] Trying to connect to /dev/ttyUSBMySensorsGateway
2018-06-11 22:05:19 ERROR (Thread-20) [mysensors.gateway_serial] Unable to connect to /dev/ttyUSBMySensorsGateway
2018-06-11 22:05:29 INFO (Thread-20) [mysensors.gateway_serial] Trying to connect to /dev/ttyUSBMySensorsGateway
2018-06-11 22:05:29 ERROR (Thread-20) [mysensors.gateway_serial] Unable to connect to /dev/ttyUSBMySensorsGateway
2018-06-11 22:05:30 INFO (MainThread) [homeassistant.core] Bus:Handling <Event state_changed[L]: new_state=<state sun.sun=below_horizon; next_rising=2018-06-12T02:50:15+00:00, next_noon=2018-06-12T11:19:16+00:00, elevation=-2.47, next_setting=2018-06-12T19:48:17+00:00, next_dusk=2018-06-11T20:39:49+00:00, friendly_name=Sun, azimuth=316.45, next_midnight=2018-06-11T23:19:23+00:00, next_dawn=2018-06-12T01:57:48+00:00 @ 2018-06-11T22:04:38.790413+02:00>, entity_id=sun.sun, old_state=<state sun.sun=below_horizon; next_rising=2018-06-12T02:50:15+00:00, next_noon=2018-06-12T11:19:16+00:00, elevation=-2.38, next_setting=2018-06-12T19:48:17+00:00, next_dusk=2018-06-11T20:39:49+00:00, friendly_name=Sun, azimuth=316.27, next_midnight=2018-06-11T23:19:23+00:00, next_dawn=2018-06-12T01:57:48+00:00 @ 2018-06-11T22:04:38.790413+02:00>>
2018-06-11 22:05:39 INFO (Thread-20) [mysensors.gateway_serial] Trying to connect to /dev/ttyUSBMySensorsGateway
2018-06-11 22:05:39 ERROR (Thread-20) [mysensors.gateway_serial] Unable to connect to /dev/ttyUSBMySensorsGateway
2018-06-11 22:05:49 INFO (Thread-20) [mysensors.gateway_serial] Trying to connect to /dev/ttyUSBMySensorsGateway
2018-06-11 22:05:49 ERROR (Thread-20) [mysensors.gateway_serial] Unable to connect to /dev/ttyUSBMySensorsGateway
2018-06-11 22:05:59 INFO (Thread-20) [mysensors.gateway_serial] Trying to connect to /dev/ttyUSBMySensorsGateway
2018-06-11 22:05:59 ERROR (Thread-20) [mysensors.gateway_serial] Unable to connect to /dev/ttyUSBMySensorsGateway
2018-06-11 22:06:09 INFO (Thread-20) [mysensors.gateway_serial] Trying to connect to /dev/ttyUSBMySensorsGateway
2018-06-11 22:06:09 ERROR (Thread-20) [mysensors.gateway_serial] Unable to connect to /dev/ttyUSBMySensorsGateway
2018-06-11 22:06:19 INFO (Thread-20) [mysensors.gateway_serial] Trying to connect to /dev/ttyUSBMySensorsGateway
2018-06-11 22:06:20 ERROR (Thread-20) [mysensors.gateway_serial] Unable to connect to /dev/ttyUSBMySensorsGateway
2018-06-11 22:06:30 INFO (Thread-20) [mysensors.gateway_serial] Trying to connect to /dev/ttyUSBMySensorsGateway
2018-06-11 22:06:30 ERROR (Thread-20) [mysensors.gateway_serial] Unable to connect to /dev/ttyUSBMySensorsGateway
2018-06-11 22:06:30 INFO (MainThread) [homeassistant.core] Bus:Handling <Event state_changed[L]: new_state=<state sun.sun=below_horizon; next_rising=2018-06-12T02:50:15+00:00, next_noon=2018-06-12T11:19:16+00:00, elevation=-2.58, next_setting=2018-06-12T19:48:17+00:00, next_dusk=2018-06-11T20:39:49+00:00, friendly_name=Sun, azimuth=316.65, next_midnight=2018-06-11T23:19:23+00:00, next_dawn=2018-06-12T01:57:48+00:00 @ 2018-06-11T22:04:38.790413+02:00>, entity_id=sun.sun, old_state=<state sun.sun=below_horizon; next_rising=2018-06-12T02:50:15+00:00, next_noon=2018-06-12T11:19:16+00:00, elevation=-2.47, next_setting=2018-06-12T19:48:17+00:00, next_dusk=2018-06-11T20:39:49+00:00, friendly_name=Sun, azimuth=316.45, next_midnight=2018-06-11T23:19:23+00:00, next_dawn=2018-06-12T01:57:48+00:00 @ 2018-06-11T22:04:38.790413+02:00>>
2018-06-11 22:06:40 INFO (Thread-20) [mysensors.gateway_serial] Trying to connect to /dev/ttyUSBMySensorsGateway
2018-06-11 22:06:40 ERROR (Thread-20) [mysensors.gateway_serial] Unable to connect to /dev/ttyUSBMySensorsGateway
2018-06-11 22:06:50 INFO (Thread-20) [mysensors.gateway_serial] Trying to connect to /dev/ttyUSBMySensorsGateway
2018-06-11 22:06:50 ERROR (Thread-20) [mysensors.gateway_serial] Unable to connect to /dev/ttyUSBMySensorsGateway
2018-06-11 22:07:00 INFO (Thread-20) [mysensors.gateway_serial] Trying to connect to /dev/ttyUSBMySensorsGateway
2018-06-11 22:07:00 ERROR (Thread-20) [mysensors.gateway_serial] Unable to connect to /dev/ttyUSBMySensorsGateway
2018-06-11 22:07:10 INFO (Thread-20) [mysensors.gateway_serial] Trying to connect to /dev/ttyUSBMySensorsGateway
2018-06-11 22:07:10 ERROR (Thread-20) [mysensors.gateway_serial] Unable to connect to /dev/ttyUSBMySensorsGateway
2018-06-11 22:07:20 INFO (Thread-20) [mysensors.gateway_serial] Trying to connect to /dev/ttyUSBMySensorsGateway
2018-06-11 22:07:20 ERROR (Thread-20) [mysensors.gateway_serial] Unable to connect to /dev/ttyUSBMySensorsGateway
2018-06-11 22:07:30 INFO (Thread-20) [mysensors.gateway_serial] Trying to connect to /dev/ttyUSBMySensorsGateway
2018-06-11 22:07:30 ERROR (Thread-20) [mysensors.gateway_serial] Unable to connect to /dev/ttyUSBMySensorsGateway
2018-06-11 22:07:30 INFO (MainThread) [homeassistant.core] Bus:Handling <Event state_changed[L]: new_state=<state sun.sun=below_horizon; next_rising=2018-06-12T02:50:15+00:00, next_noon=2018-06-12T11:19:16+00:00, elevation=-2.68, next_setting=2018-06-12T19:48:17+00:00, next_dusk=2018-06-11T20:39:49+00:00, friendly_name=Sun, azimuth=316.86, next_midnight=2018-06-11T23:19:23+00:00, next_dawn=2018-06-12T01:57:48+00:00 @ 2018-06-11T22:04:38.790413+02:00>, entity_id=sun.sun, old_state=<state sun.sun=below_horizon; next_rising=2018-06-12T02:50:15+00:00, next_noon=2018-06-12T11:19:16+00:00, elevation=-2.58, next_setting=2018-06-12T19:48:17+00:00, next_dusk=2018-06-11T20:39:49+00:00, friendly_name=Sun, azimuth=316.65, next_midnight=2018-06-11T23:19:23+00:00, next_dawn=2018-06-12T01:57:48+00:00 @ 2018-06-11T22:04:38.790413+02:00>>
2018-06-11 22:07:40 INFO (Thread-20) [mysensors.gateway_serial] Trying to connect to /dev/ttyUSBMySensorsGateway
2018-06-11 22:07:40 ERROR (Thread-20) [mysensors.gateway_serial] Unable to connect to /dev/ttyUSBMySensorsGateway
2018-06-11 22:07:50 INFO (Thread-20) [mysensors.gateway_serial] Trying to connect to /dev/ttyUSBMySensorsGateway
2018-06-11 22:07:50 ERROR (Thread-20) [mysensors.gateway_serial] Unable to connect to /dev/ttyUSBMySensorsGateway
2018-06-11 22:08:00 INFO (Thread-20) [mysensors.gateway_serial] Trying to connect to /dev/ttyUSBMySensorsGateway
2018-06-11 22:08:00 ERROR (Thread-20) [mysensors.gateway_serial] Unable to connect to /dev/ttyUSBMySensorsGateway
2018-06-11 22:08:10 INFO (Thread-20) [mysensors.gateway_serial] Trying to connect to /dev/ttyUSBMySensorsGateway
2018-06-11 22:08:10 ERROR (Thread-20) [mysensors.gateway_serial] Unable to connect to /dev/ttyUSBMySensorsGateway
2018-06-11 22:08:20 INFO (Thread-20) [mysensors.gateway_serial] Trying to connect to /dev/ttyUSBMySensorsGateway
2018-06-11 22:08:20 ERROR (Thread-20) [mysensors.gateway_serial] Unable to connect to /dev/ttyUSBMySensorsGateway
2018-06-11 22:08:30 INFO (Thread-20) [mysensors.gateway_serial] Trying to connect to /dev/ttyUSBMySensorsGateway
2018-06-11 22:08:30 ERROR (Thread-20) [mysensors.gateway_serial] Unable to connect to /dev/ttyUSBMySensorsGateway
2018-06-11 22:08:30 INFO (MainThread) [homeassistant.core] Bus:Handling <Event state_changed[L]: new_state=<state sun.sun=below_horizon; next_rising=2018-06-12T02:50:15+00:00, next_noon=2018-06-12T11:19:16+00:00, elevation=-2.79, next_setting=2018-06-12T19:48:17+00:00, next_dusk=2018-06-11T20:39:49+00:00, friendly_name=Sun, azimuth=317.07, next_midnight=2018-06-11T23:19:23+00:00, next_dawn=2018-06-12T01:57:48+00:00 @ 2018-06-11T22:04:38.790413+02:00>, entity_id=sun.sun, old_state=<state sun.sun=below_horizon; next_rising=2018-06-12T02:50:15+00:00, next_noon=2018-06-12T11:19:16+00:00, elevation=-2.68, next_setting=2018-06-12T19:48:17+00:00, next_dusk=2018-06-11T20:39:49+00:00, friendly_name=Sun, azimuth=316.86, next_midnight=2018-06-11T23:19:23+00:00, next_dawn=2018-06-12T01:57:48+00:00 @ 2018-06-11T22:04:38.790413+02:00>>
2018-06-11 22:08:40 INFO (Thread-20) [mysensors.gateway_serial] Trying to connect to /dev/ttyUSBMySensorsGateway
2018-06-11 22:08:40 ERROR (Thread-20) [mysensors.gateway_serial] Unable to connect to /dev/ttyUSBMySensorsGateway
2018-06-11 22:08:50 INFO (Thread-20) [mysensors.gateway_serial] Trying to connect to /dev/ttyUSBMySensorsGateway
2018-06-11 22:08:50 ERROR (Thread-20) [mysensors.gateway_serial] Unable to connect to /dev/ttyUSBMySensorsGateway
2018-06-11 22:09:00 INFO (Thread-20) [mysensors.gateway_serial] Trying to connect to /dev/ttyUSBMySensorsGateway
2018-06-11 22:09:00 ERROR (Thread-20) [mysensors.gateway_serial] Unable to connect to /dev/ttyUSBMySensorsGateway
2018-06-11 22:09:10 INFO (Thread-20) [mysensors.gateway_serial] Trying to connect to /dev/ttyUSBMySensorsGateway
2018-06-11 22:09:10 ERROR (Thread-20) [mysensors.gateway_serial] Unable to connect to /dev/ttyUSBMySensorsGateway
2018-06-11 22:09:20 INFO (Thread-20) [mysensors.gateway_serial] Trying to connect to /dev/ttyUSBMySensorsGateway
2018-06-11 22:09:20 ERROR (Thread-20) [mysensors.gateway_serial] Unable to connect to /dev/ttyUSBMySensorsGateway
2018-06-11 22:09:30 INFO (Thread-20) [mysensors.gateway_serial] Trying to connect to /dev/ttyUSBMySensorsGateway
2018-06-11 22:09:30 ERROR (Thread-20) [mysensors.gateway_serial] Unable to connect to /dev/ttyUSBMySensorsGateway
2018-06-11 22:09:30 INFO (MainThread) [homeassistant.core] Bus:Handling <Event state_changed[L]: new_state=<state sun.sun=below_horizon; next_rising=2018-06-12T02:50:15+00:00, next_noon=2018-06-12T11:19:16+00:00, elevation=-2.89, next_setting=2018-06-12T19:48:17+00:00, next_dusk=2018-06-11T20:39:49+00:00, friendly_name=Sun, azimuth=317.27, next_midnight=2018-06-11T23:19:23+00:00, next_dawn=2018-06-12T01:57:48+00:00 @ 2018-06-11T22:04:38.790413+02:00>, entity_id=sun.sun, old_state=<state sun.sun=below_horizon; next_rising=2018-06-12T02:50:15+00:00, next_noon=2018-06-12T11:19:16+00:00, elevation=-2.79, next_setting=2018-06-12T19:48:17+00:00, next_dusk=2018-06-11T20:39:49+00:00, friendly_name=Sun, azimuth=317.07, next_midnight=2018-06-11T23:19:23+00:00, next_dawn=2018-06-12T01:57:48+00:00 @ 2018-06-11T22:04:38.790413+02:00>>
2018-06-11 22:09:40 INFO (Thread-20) [mysensors.gateway_serial] Trying to connect to /dev/ttyUSBMySensorsGateway
2018-06-11 22:09:40 ERROR (Thread-20) [mysensors.gateway_serial] Unable to connect to /dev/ttyUSBMySensorsGateway
2018-06-11 22:09:50 INFO (Thread-20) [mysensors.gateway_serial] Trying to connect to /dev/ttyUSBMySensorsGateway
2018-06-11 22:09:50 ERROR (Thread-20) [mysensors.gateway_serial] Unable to connect to /dev/ttyUSBMySensorsGateway
2018-06-11 22:10:00 INFO (Thread-20) [mysensors.gateway_serial] Trying to connect to /dev/ttyUSBMySensorsGateway
2018-06-11 22:10:00 ERROR (Thread-20) [mysensors.gateway_serial] Unable to connect to /dev/ttyUSBMySensorsGateway
2018-06-11 22:10:10 INFO (Thread-20) [mysensors.gateway_serial] Trying to connect to /dev/ttyUSBMySensorsGateway
2018-06-11 22:10:10 ERROR (Thread-20) [mysensors.gateway_serial] Unable to connect to /dev/ttyUSBMySensorsGateway
2018-06-11 22:10:20 INFO (Thread-20) [mysensors.gateway_serial] Trying to connect to /dev/ttyUSBMySensorsGateway
2018-06-11 22:10:20 ERROR (Thread-20) [mysensors.gateway_serial] Unable to connect to /dev/ttyUSBMySensorsGateway
2018-06-11 22:10:30 INFO (Thread-20) [mysensors.gateway_serial] Trying to connect to /dev/ttyUSBMySensorsGateway
2018-06-11 22:10:30 ERROR (Thread-20) [mysensors.gateway_serial] Unable to connect to /dev/ttyUSBMySensorsGateway
2018-06-11 22:10:30 INFO (MainThread) [homeassistant.core] Bus:Handling <Event state_changed[L]: new_state=<state sun.sun=below_horizon; next_rising=2018-06-12T02:50:15+00:00, next_noon=2018-06-12T11:19:16+00:00, elevation=-3.0, next_setting=2018-06-12T19:48:17+00:00, next_dusk=2018-06-11T20:39:49+00:00, friendly_name=Sun, azimuth=317.48, next_midnight=2018-06-11T23:19:23+00:00, next_dawn=2018-06-12T01:57:48+00:00 @ 2018-06-11T22:04:38.790413+02:00>, entity_id=sun.sun, old_state=<state sun.sun=below_horizon; next_rising=2018-06-12T02:50:15+00:00, next_noon=2018-06-12T11:19:16+00:00, elevation=-2.89, next_setting=2018-06-12T19:48:17+00:00, next_dusk=2018-06-11T20:39:49+00:00, friendly_name=Sun, azimuth=317.27, next_midnight=2018-06-11T23:19:23+00:00, next_dawn=2018-06-12T01:57:48+00:00 @ 2018-06-11T22:04:38.790413+02:00>>
2018-06-11 22:10:40 INFO (Thread-20) [mysensors.gateway_serial] Trying to connect to /dev/ttyUSBMySensorsGateway
2018-06-11 22:10:40 ERROR (Thread-20) [mysensors.gateway_serial] Unable to connect to /dev/ttyUSBMySensorsGateway
